<?xml version="1.0" encoding="UTF-8"?>
<testsuite name="CalculatorTests" tests="4" skipped="0" failures="0" errors="0" timestamp="2020-05-08T05:01:45" hostname="DESKTOP-OHTD014" time="0.05">
  <properties/>
  <testcase name="add(int, int, int)[1]" classname="CalculatorTests" time="0.037"/>
  <testcase name="add(int, int, int)[2]" classname="CalculatorTests" time="0.002"/>
  <testcase name="add(int, int, int)[3]" classname="CalculatorTests" time="0.001"/>
  <testcase name="add(int, int, int)[4]" classname="CalculatorTests" time="0.001"/>
  <system-out><![CDATA[]]></system-out>
  <system-err><![CDATA[]]></system-err>
</testsuite>
